<?xml version="1.0" encoding="UTF-8"?>
<!-- Generated by org.testng.reporters.JUnitReportReporter -->
<testsuite skipped="0" hostname="LAPTOP-OAEQL1DU" name="searchbox.searchbox" tests="1" failures="0" timestamp="26 Feb 2020 01:57:33 GMT" time="10.111" errors="0">
  <testcase name="search" time="10.111" classname="searchbox.searchbox"/>
</testsuite> <!-- searchbox.searchbox -->
