<?xml version="1.0" encoding="UTF-8"?>
<!-- Generated by org.testng.reporters.JUnitReportReporter -->
<testsuite skipped="0" hostname="LAPTOP-OAEQL1DU" name="dropdownbox.dropdownbox" tests="2" failures="0" timestamp="26 Feb 2020 01:53:46 GMT" time="19.694" errors="0">
  <testcase name="dropDownsMenu" time="9.231" classname="dropdownbox.dropdownbox"/>
  <testcase name="dropDownsMenu1" time="10.463" classname="dropdownbox.dropdownbox"/>
</testsuite> <!-- dropdownbox.dropdownbox -->
