<?xml version="1.0" encoding="UTF-8"?>
<!-- Generated by org.testng.reporters.JUnitReportReporter -->
<testsuite skipped="0" hostname="LAPTOP-OAEQL1DU" name="checkbox.Checkbox" tests="1" failures="0" timestamp="17 Feb 2020 02:09:38 GMT" time="13.546" errors="0">
  <testcase name="dropDownsMenu" time="13.546" classname="checkbox.Checkbox"/>
</testsuite> <!-- checkbox.Checkbox -->
