<?xml version="1.0" encoding="UTF-8"?>
<!-- Generated by org.testng.reporters.JUnitReportReporter -->
<testsuite skipped="0" hostname="LAPTOP-OAEQL1DU" name="DataDriven.DataDriven" tests="4" failures="0" timestamp="26 Feb 2020 01:45:47 GMT" time="1.946" errors="0">
  <testcase name="wikipagedata" time="0.472" classname="DataDriven.DataDriven"/>
  <testcase name="wikipagedata" time="0.477" classname="DataDriven.DataDriven"/>
  <testcase name="wikipagedata" time="0.531" classname="DataDriven.DataDriven"/>
  <testcase name="wikipagedata" time="0.466" classname="DataDriven.DataDriven"/>
</testsuite> <!-- DataDriven.DataDriven -->
