<?xml version="1.0" encoding="UTF-8"?>
<!-- Generated by org.testng.reporters.JUnitReportReporter -->
<testsuite skipped="0" hostname="LAPTOP-OAEQL1DU" name="radiobutton.radioButton" tests="1" failures="0" timestamp="14 Feb 2020 02:46:22 GMT" time="6.251" errors="0">
  <testcase name="radioButton" time="6.251" classname="radiobutton.radioButton"/>
</testsuite> <!-- radiobutton.radioButton -->
