<?xml version="1.0" encoding="UTF-8"?>
<!-- Generated by org.testng.reporters.JUnitReportReporter -->
<testsuite skipped="0" hostname="LAPTOP-OAEQL1DU" name="Parameterization.parameterization" tests="1" failures="0" timestamp="26 Feb 2020 01:32:53 GMT" time="2.192" errors="0">
  <testcase name="methodcall" time="2.192" classname="Parameterization.parameterization"/>
</testsuite> <!-- Parameterization.parameterization -->
